<?xml version="1.0" encoding="UTF-8"?>
<testsuite xmlns:xsi="http://www.w3.org/2001/XMLSchema-instance" xsi:noNamespaceSchemaLocation="https://maven.apache.org/surefire/maven-surefire-plugin/xsd/surefire-test-report.xsd" version="3.0.2" name="com.praveen.spring_boot.demo.mycoolapp.MySpringBootApplicationTests" time="1.796" tests="1" errors="0" skipped="0" failures="0">
  <properties>
    <property name="java.specification.version" value="23"/>
    <property name="sun.jnu.encoding" value="UTF-8"/>
    <property name="java.class.path" value="/Users/praveenkumarthangaraj/Documents/SpringBoot/dev-spring-boot/01-spring-boot-overview/03-spring-boot-actuator-demo/target/test-classes:/Users/praveenkumarthangaraj/Documents/SpringBoot/dev-spring-boot/01-spring-boot-overview/03-spring-boot-actuator-demo/target/classes:/Users/praveenkumarthangaraj/.m2/repository/org/springframework/boot/spring-boot-starter-web/3.4.0/spring-boot-starter-web-3.4.0.jar:/Users/praveenkumarthangaraj/.m2/repository/org/springframework/boot/spring-boot-starter/3.4.0/spring-boot-starter-3.4.0.jar:/Users/praveenkumarthangaraj/.m2/repository/org/springframework/boot/spring-boot-starter-logging/3.4.0/spring-boot-starter-logging-3.4.0.jar:/Users/praveenkumarthangaraj/.m2/repository/ch/qos/logback/logback-classic/1.5.12/logback-classic-1.5.12.jar:/Users/praveenkumarthangaraj/.m2/repository/ch/qos/logback/logback-core/1.5.12/logback-core-1.5.12.jar:/Users/praveenkumarthangaraj/.m2/repository/org/apache/logging/log4j/log4j-to-slf4j/2.24.1/log4j-to-slf4j-2.24.1.jar:/Users/praveenkumarthangaraj/.m2/repository/org/apache/logging/log4j/log4j-api/2.24.1/log4j-api-2.24.1.jar:/Users/praveenkumarthangaraj/.m2/repository/org/slf4j/jul-to-slf4j/2.0.16/jul-to-slf4j-2.0.16.jar:/Users/praveenkumarthangaraj/.m2/repository/jakarta/annotation/jakarta.annotation-api/2.1.1/jakarta.annotation-api-2.1.1.jar:/Users/praveenkumarthangaraj/.m2/repository/org/yaml/snakeyaml/2.3/snakeyaml-2.3.jar:/Users/praveenkumarthangaraj/.m2/repository/org/springframework/boot/spring-boot-starter-json/3.4.0/spring-boot-starter-json-3.4.0.jar:/Users/praveenkumarthangaraj/.m2/repository/com/fasterxml/jackson/core/jackson-databind/2.18.1/jackson-databind-2.18.1.jar:/Users/praveenkumarthangaraj/.m2/repository/com/fasterxml/jackson/core/jackson-annotations/2.18.1/jackson-annotations-2.18.1.jar:/Users/praveenkumarthangaraj/.m2/repository/com/fasterxml/jackson/core/jackson-core/2.18.1/jackson-core-2.18.1.jar:/Users/praveenkumarthangaraj/.m2/repository/com/fasterxml/jackson/datatype/jackson-datatype-jdk8/2.18.1/jackson-datatype-jdk8-2.18.1.jar:/Users/praveenkumarthangaraj/.m2/repository/com/fasterxml/jackson/datatype/jackson-datatype-jsr310/2.18.1/jackson-datatype-jsr310-2.18.1.jar:/Users/praveenkumarthangaraj/.m2/repository/com/fasterxml/jackson/module/jackson-module-parameter-names/2.18.1/jackson-module-parameter-names-2.18.1.jar:/Users/praveenkumarthangaraj/.m2/repository/org/springframework/boot/spring-boot-starter-tomcat/3.4.0/spring-boot-starter-tomcat-3.4.0.jar:/Users/praveenkumarthangaraj/.m2/repository/org/apache/tomcat/embed/tomcat-embed-core/10.1.33/tomcat-embed-core-10.1.33.jar:/Users/praveenkumarthangaraj/.m2/repository/org/apache/tomcat/embed/tomcat-embed-el/10.1.33/tomcat-embed-el-10.1.33.jar:/Users/praveenkumarthangaraj/.m2/repository/org/apache/tomcat/embed/tomcat-embed-websocket/10.1.33/tomcat-embed-websocket-10.1.33.jar:/Users/praveenkumarthangaraj/.m2/repository/org/springframework/spring-web/6.2.0/spring-web-6.2.0.jar:/Users/praveenkumarthangaraj/.m2/repository/org/springframework/spring-beans/6.2.0/spring-beans-6.2.0.jar:/Users/praveenkumarthangaraj/.m2/repository/org/springframework/spring-webmvc/6.2.0/spring-webmvc-6.2.0.jar:/Users/praveenkumarthangaraj/.m2/repository/org/springframework/spring-context/6.2.0/spring-context-6.2.0.jar:/Users/praveenkumarthangaraj/.m2/repository/org/springframework/spring-expression/6.2.0/spring-expression-6.2.0.jar:/Users/praveenkumarthangaraj/.m2/repository/org/springframework/boot/spring-boot-starter-test/3.4.0/spring-boot-starter-test-3.4.0.jar:/Users/praveenkumarthangaraj/.m2/repository/org/springframework/boot/spring-boot-test/3.4.0/spring-boot-test-3.4.0.jar:/Users/praveenkumarthangaraj/.m2/repository/org/springframework/boot/spring-boot-test-autoconfigure/3.4.0/spring-boot-test-autoconfigure-3.4.0.jar:/Users/praveenkumarthangaraj/.m2/repository/com/jayway/jsonpath/json-path/2.9.0/json-path-2.9.0.jar:/Users/praveenkumarthangaraj/.m2/repository/org/slf4j/slf4j-api/2.0.16/slf4j-api-2.0.16.jar:/Users/praveenkumarthangaraj/.m2/repository/jakarta/xml/bind/jakarta.xml.bind-api/4.0.2/jakarta.xml.bind-api-4.0.2.jar:/Users/praveenkumarthangaraj/.m2/repository/jakarta/activation/jakarta.activation-api/2.1.3/jakarta.activation-api-2.1.3.jar:/Users/praveenkumarthangaraj/.m2/repository/net/minidev/json-smart/2.5.1/json-smart-2.5.1.jar:/Users/praveenkumarthangaraj/.m2/repository/net/minidev/accessors-smart/2.5.1/accessors-smart-2.5.1.jar:/Users/praveenkumarthangaraj/.m2/repository/org/ow2/asm/asm/9.6/asm-9.6.jar:/Users/praveenkumarthangaraj/.m2/repository/org/assertj/assertj-core/3.26.3/assertj-core-3.26.3.jar:/Users/praveenkumarthangaraj/.m2/repository/net/bytebuddy/byte-buddy/1.15.10/byte-buddy-1.15.10.jar:/Users/praveenkumarthangaraj/.m2/repository/org/awaitility/awaitility/4.2.2/awaitility-4.2.2.jar:/Users/praveenkumarthangaraj/.m2/repository/org/hamcrest/hamcrest/2.2/hamcrest-2.2.jar:/Users/praveenkumarthangaraj/.m2/repository/org/junit/jupiter/junit-jupiter/5.11.3/junit-jupiter-5.11.3.jar:/Users/praveenkumarthangaraj/.m2/repository/org/junit/jupiter/junit-jupiter-api/5.11.3/junit-jupiter-api-5.11.3.jar:/Users/praveenkumarthangaraj/.m2/repository/org/opentest4j/opentest4j/1.3.0/opentest4j-1.3.0.jar:/Users/praveenkumarthangaraj/.m2/repository/org/junit/platform/junit-platform-commons/1.11.3/junit-platform-commons-1.11.3.jar:/Users/praveenkumarthangaraj/.m2/repository/org/apiguardian/apiguardian-api/1.1.2/apiguardian-api-1.1.2.jar:/Users/praveenkumarthangaraj/.m2/repository/org/junit/jupiter/junit-jupiter-params/5.11.3/junit-jupiter-params-5.11.3.jar:/Users/praveenkumarthangaraj/.m2/repository/org/junit/jupiter/junit-jupiter-engine/5.11.3/junit-jupiter-engine-5.11.3.jar:/Users/praveenkumarthangaraj/.m2/repository/org/junit/platform/junit-platform-engine/1.11.3/junit-platform-engine-1.11.3.jar:/Users/praveenkumarthangaraj/.m2/repository/org/mockito/mockito-core/5.14.2/mockito-core-5.14.2.jar:/Users/praveenkumarthangaraj/.m2/repository/net/bytebuddy/byte-buddy-agent/1.15.10/byte-buddy-agent-1.15.10.jar:/Users/praveenkumarthangaraj/.m2/repository/org/objenesis/objenesis/3.3/objenesis-3.3.jar:/Users/praveenkumarthangaraj/.m2/repository/org/mockito/mockito-junit-jupiter/5.14.2/mockito-junit-jupiter-5.14.2.jar:/Users/praveenkumarthangaraj/.m2/repository/org/skyscreamer/jsonassert/1.5.3/jsonassert-1.5.3.jar:/Users/praveenkumarthangaraj/.m2/repository/com/vaadin/external/google/android-json/0.0.20131108.vaadin1/android-json-0.0.20131108.vaadin1.jar:/Users/praveenkumarthangaraj/.m2/repository/org/springframework/spring-core/6.2.0/spring-core-6.2.0.jar:/Users/praveenkumarthangaraj/.m2/repository/org/springframework/spring-jcl/6.2.0/spring-jcl-6.2.0.jar:/Users/praveenkumarthangaraj/.m2/repository/org/springframework/spring-test/6.2.0/spring-test-6.2.0.jar:/Users/praveenkumarthangaraj/.m2/repository/org/xmlunit/xmlunit-core/2.10.0/xmlunit-core-2.10.0.jar:/Users/praveenkumarthangaraj/.m2/repository/org/springframework/boot/spring-boot-devtools/3.4.0/spring-boot-devtools-3.4.0.jar:/Users/praveenkumarthangaraj/.m2/repository/org/springframework/boot/spring-boot/3.4.0/spring-boot-3.4.0.jar:/Users/praveenkumarthangaraj/.m2/repository/org/springframework/boot/spring-boot-autoconfigure/3.4.0/spring-boot-autoconfigure-3.4.0.jar:/Users/praveenkumarthangaraj/.m2/repository/org/springframework/boot/spring-boot-starter-actuator/3.4.0/spring-boot-starter-actuator-3.4.0.jar:/Users/praveenkumarthangaraj/.m2/repository/org/springframework/boot/spring-boot-actuator-autoconfigure/3.4.0/spring-boot-actuator-autoconfigure-3.4.0.jar:/Users/praveenkumarthangaraj/.m2/repository/org/springframework/boot/spring-boot-actuator/3.4.0/spring-boot-actuator-3.4.0.jar:/Users/praveenkumarthangaraj/.m2/repository/io/micrometer/micrometer-observation/1.14.1/micrometer-observation-1.14.1.jar:/Users/praveenkumarthangaraj/.m2/repository/io/micrometer/micrometer-commons/1.14.1/micrometer-commons-1.14.1.jar:/Users/praveenkumarthangaraj/.m2/repository/io/micrometer/micrometer-jakarta9/1.14.1/micrometer-jakarta9-1.14.1.jar:/Users/praveenkumarthangaraj/.m2/repository/io/micrometer/micrometer-core/1.14.1/micrometer-core-1.14.1.jar:/Users/praveenkumarthangaraj/.m2/repository/org/hdrhistogram/HdrHistogram/2.2.2/HdrHistogram-2.2.2.jar:/Users/praveenkumarthangaraj/.m2/repository/org/latencyutils/LatencyUtils/2.0.3/LatencyUtils-2.0.3.jar:/Users/praveenkumarthangaraj/.m2/repository/org/springframework/boot/spring-boot-starter-security/3.4.0/spring-boot-starter-security-3.4.0.jar:/Users/praveenkumarthangaraj/.m2/repository/org/springframework/spring-aop/6.2.0/spring-aop-6.2.0.jar:/Users/praveenkumarthangaraj/.m2/repository/org/springframework/security/spring-security-config/6.4.1/spring-security-config-6.4.1.jar:/Users/praveenkumarthangaraj/.m2/repository/org/springframework/security/spring-security-core/6.4.1/spring-security-core-6.4.1.jar:/Users/praveenkumarthangaraj/.m2/repository/org/springframework/security/spring-security-crypto/6.4.1/spring-security-crypto-6.4.1.jar:/Users/praveenkumarthangaraj/.m2/repository/org/springframework/security/spring-security-web/6.4.1/spring-security-web-6.4.1.jar:"/>
    <property name="java.vm.vendor" value="Oracle Corporation"/>
    <property name="sun.arch.data.model" value="64"/>
    <property name="java.vendor.url" value="https://java.oracle.com/"/>
    <property name="user.timezone" value="Asia/Kuala_Lumpur"/>
    <property name="os.name" value="Mac OS X"/>
    <property name="java.vm.specification.version" value="23"/>
    <property name="APPLICATION_NAME" value="mycoolapp"/>
    <property name="sun.java.launcher" value="SUN_STANDARD"/>
    <property name="user.country" value="US"/>
    <property name="sun.boot.library.path" value="/Library/Java/JavaVirtualMachines/jdk-23.jdk/Contents/Home/lib"/>
    <property name="sun.java.command" value="/Users/praveenkumarthangaraj/Documents/SpringBoot/dev-spring-boot/01-spring-boot-overview/03-spring-boot-actuator-demo/target/surefire/surefirebooter-20241219191807337_3.jar /Users/praveenkumarthangaraj/Documents/SpringBoot/dev-spring-boot/01-spring-boot-overview/03-spring-boot-actuator-demo/target/surefire 2024-12-19T19-18-07_295-jvmRun1 surefire-20241219191807337_1tmp surefire_0-20241219191807337_2tmp"/>
    <property name="http.nonProxyHosts" value="local|*.local|169.254/16|*.169.254/16"/>
    <property name="jdk.debug" value="release"/>
    <property name="surefire.test.class.path" value="/Users/praveenkumarthangaraj/Documents/SpringBoot/dev-spring-boot/01-spring-boot-overview/03-spring-boot-actuator-demo/target/test-classes:/Users/praveenkumarthangaraj/Documents/SpringBoot/dev-spring-boot/01-spring-boot-overview/03-spring-boot-actuator-demo/target/classes:/Users/praveenkumarthangaraj/.m2/repository/org/springframework/boot/spring-boot-starter-web/3.4.0/spring-boot-starter-web-3.4.0.jar:/Users/praveenkumarthangaraj/.m2/repository/org/springframework/boot/spring-boot-starter/3.4.0/spring-boot-starter-3.4.0.jar:/Users/praveenkumarthangaraj/.m2/repository/org/springframework/boot/spring-boot-starter-logging/3.4.0/spring-boot-starter-logging-3.4.0.jar:/Users/praveenkumarthangaraj/.m2/repository/ch/qos/logback/logback-classic/1.5.12/logback-classic-1.5.12.jar:/Users/praveenkumarthangaraj/.m2/repository/ch/qos/logback/logback-core/1.5.12/logback-core-1.5.12.jar:/Users/praveenkumarthangaraj/.m2/repository/org/apache/logging/log4j/log4j-to-slf4j/2.24.1/log4j-to-slf4j-2.24.1.jar:/Users/praveenkumarthangaraj/.m2/repository/org/apache/logging/log4j/log4j-api/2.24.1/log4j-api-2.24.1.jar:/Users/praveenkumarthangaraj/.m2/repository/org/slf4j/jul-to-slf4j/2.0.16/jul-to-slf4j-2.0.16.jar:/Users/praveenkumarthangaraj/.m2/repository/jakarta/annotation/jakarta.annotation-api/2.1.1/jakarta.annotation-api-2.1.1.jar:/Users/praveenkumarthangaraj/.m2/repository/org/yaml/snakeyaml/2.3/snakeyaml-2.3.jar:/Users/praveenkumarthangaraj/.m2/repository/org/springframework/boot/spring-boot-starter-json/3.4.0/spring-boot-starter-json-3.4.0.jar:/Users/praveenkumarthangaraj/.m2/repository/com/fasterxml/jackson/core/jackson-databind/2.18.1/jackson-databind-2.18.1.jar:/Users/praveenkumarthangaraj/.m2/repository/com/fasterxml/jackson/core/jackson-annotations/2.18.1/jackson-annotations-2.18.1.jar:/Users/praveenkumarthangaraj/.m2/repository/com/fasterxml/jackson/core/jackson-core/2.18.1/jackson-core-2.18.1.jar:/Users/praveenkumarthangaraj/.m2/repository/com/fasterxml/jackson/datatype/jackson-datatype-jdk8/2.18.1/jackson-datatype-jdk8-2.18.1.jar:/Users/praveenkumarthangaraj/.m2/repository/com/fasterxml/jackson/datatype/jackson-datatype-jsr310/2.18.1/jackson-datatype-jsr310-2.18.1.jar:/Users/praveenkumarthangaraj/.m2/repository/com/fasterxml/jackson/module/jackson-module-parameter-names/2.18.1/jackson-module-parameter-names-2.18.1.jar:/Users/praveenkumarthangaraj/.m2/repository/org/springframework/boot/spring-boot-starter-tomcat/3.4.0/spring-boot-starter-tomcat-3.4.0.jar:/Users/praveenkumarthangaraj/.m2/repository/org/apache/tomcat/embed/tomcat-embed-core/10.1.33/tomcat-embed-core-10.1.33.jar:/Users/praveenkumarthangaraj/.m2/repository/org/apache/tomcat/embed/tomcat-embed-el/10.1.33/tomcat-embed-el-10.1.33.jar:/Users/praveenkumarthangaraj/.m2/repository/org/apache/tomcat/embed/tomcat-embed-websocket/10.1.33/tomcat-embed-websocket-10.1.33.jar:/Users/praveenkumarthangaraj/.m2/repository/org/springframework/spring-web/6.2.0/spring-web-6.2.0.jar:/Users/praveenkumarthangaraj/.m2/repository/org/springframework/spring-beans/6.2.0/spring-beans-6.2.0.jar:/Users/praveenkumarthangaraj/.m2/repository/org/springframework/spring-webmvc/6.2.0/spring-webmvc-6.2.0.jar:/Users/praveenkumarthangaraj/.m2/repository/org/springframework/spring-context/6.2.0/spring-context-6.2.0.jar:/Users/praveenkumarthangaraj/.m2/repository/org/springframework/spring-expression/6.2.0/spring-expression-6.2.0.jar:/Users/praveenkumarthangaraj/.m2/repository/org/springframework/boot/spring-boot-starter-test/3.4.0/spring-boot-starter-test-3.4.0.jar:/Users/praveenkumarthangaraj/.m2/repository/org/springframework/boot/spring-boot-test/3.4.0/spring-boot-test-3.4.0.jar:/Users/praveenkumarthangaraj/.m2/repository/org/springframework/boot/spring-boot-test-autoconfigure/3.4.0/spring-boot-test-autoconfigure-3.4.0.jar:/Users/praveenkumarthangaraj/.m2/repository/com/jayway/jsonpath/json-path/2.9.0/json-path-2.9.0.jar:/Users/praveenkumarthangaraj/.m2/repository/org/slf4j/slf4j-api/2.0.16/slf4j-api-2.0.16.jar:/Users/praveenkumarthangaraj/.m2/repository/jakarta/xml/bind/jakarta.xml.bind-api/4.0.2/jakarta.xml.bind-api-4.0.2.jar:/Users/praveenkumarthangaraj/.m2/repository/jakarta/activation/jakarta.activation-api/2.1.3/jakarta.activation-api-2.1.3.jar:/Users/praveenkumarthangaraj/.m2/repository/net/minidev/json-smart/2.5.1/json-smart-2.5.1.jar:/Users/praveenkumarthangaraj/.m2/repository/net/minidev/accessors-smart/2.5.1/accessors-smart-2.5.1.jar:/Users/praveenkumarthangaraj/.m2/repository/org/ow2/asm/asm/9.6/asm-9.6.jar:/Users/praveenkumarthangaraj/.m2/repository/org/assertj/assertj-core/3.26.3/assertj-core-3.26.3.jar:/Users/praveenkumarthangaraj/.m2/repository/net/bytebuddy/byte-buddy/1.15.10/byte-buddy-1.15.10.jar:/Users/praveenkumarthangaraj/.m2/repository/org/awaitility/awaitility/4.2.2/awaitility-4.2.2.jar:/Users/praveenkumarthangaraj/.m2/repository/org/hamcrest/hamcrest/2.2/hamcrest-2.2.jar:/Users/praveenkumarthangaraj/.m2/repository/org/junit/jupiter/junit-jupiter/5.11.3/junit-jupiter-5.11.3.jar:/Users/praveenkumarthangaraj/.m2/repository/org/junit/jupiter/junit-jupiter-api/5.11.3/junit-jupiter-api-5.11.3.jar:/Users/praveenkumarthangaraj/.m2/repository/org/opentest4j/opentest4j/1.3.0/opentest4j-1.3.0.jar:/Users/praveenkumarthangaraj/.m2/repository/org/junit/platform/junit-platform-commons/1.11.3/junit-platform-commons-1.11.3.jar:/Users/praveenkumarthangaraj/.m2/repository/org/apiguardian/apiguardian-api/1.1.2/apiguardian-api-1.1.2.jar:/Users/praveenkumarthangaraj/.m2/repository/org/junit/jupiter/junit-jupiter-params/5.11.3/junit-jupiter-params-5.11.3.jar:/Users/praveenkumarthangaraj/.m2/repository/org/junit/jupiter/junit-jupiter-engine/5.11.3/junit-jupiter-engine-5.11.3.jar:/Users/praveenkumarthangaraj/.m2/repository/org/junit/platform/junit-platform-engine/1.11.3/junit-platform-engine-1.11.3.jar:/Users/praveenkumarthangaraj/.m2/repository/org/mockito/mockito-core/5.14.2/mockito-core-5.14.2.jar:/Users/praveenkumarthangaraj/.m2/repository/net/bytebuddy/byte-buddy-agent/1.15.10/byte-buddy-agent-1.15.10.jar:/Users/praveenkumarthangaraj/.m2/repository/org/objenesis/objenesis/3.3/objenesis-3.3.jar:/Users/praveenkumarthangaraj/.m2/repository/org/mockito/mockito-junit-jupiter/5.14.2/mockito-junit-jupiter-5.14.2.jar:/Users/praveenkumarthangaraj/.m2/repository/org/skyscreamer/jsonassert/1.5.3/jsonassert-1.5.3.jar:/Users/praveenkumarthangaraj/.m2/repository/com/vaadin/external/google/android-json/0.0.20131108.vaadin1/android-json-0.0.20131108.vaadin1.jar:/Users/praveenkumarthangaraj/.m2/repository/org/springframework/spring-core/6.2.0/spring-core-6.2.0.jar:/Users/praveenkumarthangaraj/.m2/repository/org/springframework/spring-jcl/6.2.0/spring-jcl-6.2.0.jar:/Users/praveenkumarthangaraj/.m2/repository/org/springframework/spring-test/6.2.0/spring-test-6.2.0.jar:/Users/praveenkumarthangaraj/.m2/repository/org/xmlunit/xmlunit-core/2.10.0/xmlunit-core-2.10.0.jar:/Users/praveenkumarthangaraj/.m2/repository/org/springframework/boot/spring-boot-devtools/3.4.0/spring-boot-devtools-3.4.0.jar:/Users/praveenkumarthangaraj/.m2/repository/org/springframework/boot/spring-boot/3.4.0/spring-boot-3.4.0.jar:/Users/praveenkumarthangaraj/.m2/repository/org/springframework/boot/spring-boot-autoconfigure/3.4.0/spring-boot-autoconfigure-3.4.0.jar:/Users/praveenkumarthangaraj/.m2/repository/org/springframework/boot/spring-boot-starter-actuator/3.4.0/spring-boot-starter-actuator-3.4.0.jar:/Users/praveenkumarthangaraj/.m2/repository/org/springframework/boot/spring-boot-actuator-autoconfigure/3.4.0/spring-boot-actuator-autoconfigure-3.4.0.jar:/Users/praveenkumarthangaraj/.m2/repository/org/springframework/boot/spring-boot-actuator/3.4.0/spring-boot-actuator-3.4.0.jar:/Users/praveenkumarthangaraj/.m2/repository/io/micrometer/micrometer-observation/1.14.1/micrometer-observation-1.14.1.jar:/Users/praveenkumarthangaraj/.m2/repository/io/micrometer/micrometer-commons/1.14.1/micrometer-commons-1.14.1.jar:/Users/praveenkumarthangaraj/.m2/repository/io/micrometer/micrometer-jakarta9/1.14.1/micrometer-jakarta9-1.14.1.jar:/Users/praveenkumarthangaraj/.m2/repository/io/micrometer/micrometer-core/1.14.1/micrometer-core-1.14.1.jar:/Users/praveenkumarthangaraj/.m2/repository/org/hdrhistogram/HdrHistogram/2.2.2/HdrHistogram-2.2.2.jar:/Users/praveenkumarthangaraj/.m2/repository/org/latencyutils/LatencyUtils/2.0.3/LatencyUtils-2.0.3.jar:/Users/praveenkumarthangaraj/.m2/repository/org/springframework/boot/spring-boot-starter-security/3.4.0/spring-boot-starter-security-3.4.0.jar:/Users/praveenkumarthangaraj/.m2/repository/org/springframework/spring-aop/6.2.0/spring-aop-6.2.0.jar:/Users/praveenkumarthangaraj/.m2/repository/org/springframework/security/spring-security-config/6.4.1/spring-security-config-6.4.1.jar:/Users/praveenkumarthangaraj/.m2/repository/org/springframework/security/spring-security-core/6.4.1/spring-security-core-6.4.1.jar:/Users/praveenkumarthangaraj/.m2/repository/org/springframework/security/spring-security-crypto/6.4.1/spring-security-crypto-6.4.1.jar:/Users/praveenkumarthangaraj/.m2/repository/org/springframework/security/spring-security-web/6.4.1/spring-security-web-6.4.1.jar:"/>
    <property name="sun.cpu.endian" value="little"/>
    <property name="user.home" value="/Users/praveenkumarthangaraj"/>
    <property name="user.language" value="en"/>
    <property name="java.specification.vendor" value="Oracle Corporation"/>
    <property name="java.version.date" value="2024-10-15"/>
    <property name="java.home" value="/Library/Java/JavaVirtualMachines/jdk-23.jdk/Contents/Home"/>
    <property name="file.separator" value="/"/>
    <property name="basedir" value="/Users/praveenkumarthangaraj/Documents/SpringBoot/dev-spring-boot/01-spring-boot-overview/03-spring-boot-actuator-demo"/>
    <property name="java.vm.compressedOopsMode" value="Zero based"/>
    <property name="line.separator" value="&#10;"/>
    <property name="java.vm.specification.vendor" value="Oracle Corporation"/>
    <property name="java.specification.name" value="Java Platform API Specification"/>
    <property name="FILE_LOG_CHARSET" value="UTF-8"/>
    <property name="java.awt.headless" value="true"/>
    <property name="apple.awt.application.name" value="ForkedBooter"/>
    <property name="surefire.real.class.path" value="/Users/praveenkumarthangaraj/Documents/SpringBoot/dev-spring-boot/01-spring-boot-overview/03-spring-boot-actuator-demo/target/surefire/surefirebooter-20241219191807337_3.jar"/>
    <property name="sun.management.compiler" value="HotSpot 64-Bit Tiered Compilers"/>
    <property name="ftp.nonProxyHosts" value="local|*.local|169.254/16|*.169.254/16"/>
    <property name="java.runtime.version" value="23.0.1+11-39"/>
    <property name="user.name" value="praveenkumarthangaraj"/>
    <property name="stdout.encoding" value="UTF-8"/>
    <property name="path.separator" value=":"/>
    <property name="os.version" value="15.1.1"/>
    <property name="java.runtime.name" value="Java(TM) SE Runtime Environment"/>
    <property name="file.encoding" value="UTF-8"/>
    <property name="java.vm.name" value="Java HotSpot(TM) 64-Bit Server VM"/>
    <property name="localRepository" value="/Users/praveenkumarthangaraj/.m2/repository"/>
    <property name="java.vendor.url.bug" value="https://bugreport.java.com/bugreport/"/>
    <property name="java.io.tmpdir" value="/var/folders/45/s5f_dqjd2kq0j3gyqt535glh0000gn/T/"/>
    <property name="java.version" value="23.0.1"/>
    <property name="user.dir" value="/Users/praveenkumarthangaraj/Documents/SpringBoot/dev-spring-boot/01-spring-boot-overview/03-spring-boot-actuator-demo"/>
    <property name="os.arch" value="aarch64"/>
    <property name="java.vm.specification.name" value="Java Virtual Machine Specification"/>
    <property name="PID" value="6661"/>
    <property name="CONSOLE_LOG_CHARSET" value="UTF-8"/>
    <property name="native.encoding" value="UTF-8"/>
    <property name="java.library.path" value="/Users/praveenkumarthangaraj/Library/Java/Extensions:/Library/Java/Extensions:/Network/Library/Java/Extensions:/System/Library/Java/Extensions:/usr/lib/java:."/>
    <property name="java.vm.info" value="mixed mode, sharing"/>
    <property name="stderr.encoding" value="UTF-8"/>
    <property name="java.vendor" value="Oracle Corporation"/>
    <property name="java.vm.version" value="23.0.1+11-39"/>
    <property name="sun.io.unicode.encoding" value="UnicodeBig"/>
    <property name="socksNonProxyHosts" value="local|*.local|169.254/16|*.169.254/16"/>
    <property name="java.class.version" value="67.0"/>
    <property name="LOGGED_APPLICATION_NAME" value="[mycoolapp] "/>
  </properties>
  <testcase name="contextLoads" classname="com.praveen.spring_boot.demo.mycoolapp.MySpringBootApplicationTests" time="0.444">
    <system-out><![CDATA[19:18:07.766 [main] INFO org.springframework.test.context.support.AnnotationConfigContextLoaderUtils -- Could not detect default configuration classes for test class [com.praveen.spring_boot.demo.mycoolapp.MySpringBootApplicationTests]: MySpringBootApplicationTests does not declare any static, non-private, non-final, nested classes annotated with @Configuration.
19:18:07.819 [main] INFO org.springframework.boot.test.context.SpringBootTestContextBootstrapper -- Found @SpringBootConfiguration com.praveen.spring_boot.demo.mycoolapp.MySpringBootApplication for test class com.praveen.spring_boot.demo.mycoolapp.MySpringBootApplicationTests
19:18:07.892 [main] INFO org.springframework.boot.devtools.restart.RestartApplicationListener -- Restart disabled due to context in which it is running

  .   ____          _            __ _ _
 /\\ / ___'_ __ _ _(_)_ __  __ _ \ \ \ \
( ( )\___ | '_ | '_| | '_ \/ _` | \ \ \ \
 \\/  ___)| |_)| | | | | || (_| |  ) ) ) )
  '  |____| .__|_| |_|_| |_\__, | / / / /
 =========|_|==============|___/=/_/_/_/

 :: Spring Boot ::                (v3.4.0)

2024-12-19T19:18:08.010+08:00  INFO 6661 --- [mycoolapp] [           main] c.p.s.d.m.MySpringBootApplicationTests   : Starting MySpringBootApplicationTests using Java 23.0.1 with PID 6661 (started by praveenkumarthangaraj in /Users/praveenkumarthangaraj/Documents/SpringBoot/dev-spring-boot/01-spring-boot-overview/03-spring-boot-actuator-demo)
2024-12-19T19:18:08.010+08:00  INFO 6661 --- [mycoolapp] [           main] c.p.s.d.m.MySpringBootApplicationTests   : No active profile set, falling back to 1 default profile: "default"
2024-12-19T19:18:08.819+08:00  WARN 6661 --- [mycoolapp] [           main] .s.s.UserDetailsServiceAutoConfiguration : 

Using generated security password: f1b8659c-705a-45ba-801e-79f2577ca6dd

This generated password is for development use only. Your security configuration must be updated before running your application in production.

2024-12-19T19:18:08.835+08:00  INFO 6661 --- [mycoolapp] [           main] r$InitializeUserDetailsManagerConfigurer : Global AuthenticationManager configured with UserDetailsService bean with name inMemoryUserDetailsManager
2024-12-19T19:18:08.916+08:00  INFO 6661 --- [mycoolapp] [           main] o.s.b.a.e.web.EndpointLinksResolver      : Exposing 12 endpoints beneath base path '/actuator'
2024-12-19T19:18:08.974+08:00  INFO 6661 --- [mycoolapp] [           main] c.p.s.d.m.MySpringBootApplicationTests   : Started MySpringBootApplicationTests in 1.088 seconds (process running for 1.535)
]]></system-out>
    <system-err><![CDATA[Mockito is currently self-attaching to enable the inline-mock-maker. This will no longer work in future releases of the JDK. Please add Mockito as an agent to your build what is described in Mockito's documentation: https://javadoc.io/doc/org.mockito/mockito-core/latest/org/mockito/Mockito.html#0.3
WARNING: A Java agent has been loaded dynamically (/Users/praveenkumarthangaraj/.m2/repository/net/bytebuddy/byte-buddy-agent/1.15.10/byte-buddy-agent-1.15.10.jar)
WARNING: If a serviceability tool is in use, please run with -XX:+EnableDynamicAgentLoading to hide this warning
WARNING: If a serviceability tool is not in use, please run with -Djdk.instrument.traceUsage for more information
WARNING: Dynamic loading of agents will be disallowed by default in a future release
]]></system-err>
  </testcase>
</testsuite>